Attaching to view
[36mview    |[0m ================================================================================
[36mview    |[0m Last 0 log entries (2025-10-07 15:13:06)
[36mview    |[0m ================================================================================
[36mview    |[0m Sleeping 5 seconds...
[36mview    |[0m 
[36mview    |[0m 
[36mview    |[0m ================================================================================
[36mview    |[0m Last 3 log entries (2025-10-07 15:13:11)
[36mview    |[0m ================================================================================
[36mview    |[0m ID:   3 | Time: 2025-10-07 15:13:10 | User: 903848462 (Arnoochka) | Action: COMMAND_NEW_CHAT
[36mview    |[0m Message: User requested new chat (no history found)
[36mview    |[0m --------------------------------------------------------------------------------
[36mview    |[0m ID:   2 | Time: 2025-10-07 15:13:09 | User: 903848462 (Arnoochka) | Action: COMMAND_HELP
[36mview    |[0m Message: User requested help
[36mview    |[0m --------------------------------------------------------------------------------
[36mview    |[0m ID:   1 | Time: 2025-10-07 15:13:07 | User: 903848462 (Arnoochka) | Action: COMMAND_START
[36mview    |[0m Message: User started bot
[36mview    |[0m --------------------------------------------------------------------------------
[36mview    |[0m Sleeping 5 seconds...

